{"D:\\Works\\Personal\\Github\\webpack-mp-target\\src\\AppCompiler.js": {"path":"D:\\Works\\Personal\\Github\\webpack-mp-target\\src\\AppCompiler.js","statementMap":{"0":{"start":{"line":1,"column":21},"end":{"line":1,"column":56}},"1":{"start":{"line":2,"column":24},"end":{"line":2,"column":52}},"2":{"start":{"line":3,"column":18},"end":{"line":3,"column":40}},"3":{"start":{"line":5,"column":0},"end":{"line":51,"column":1}},"4":{"start":{"line":7,"column":4},"end":{"line":7,"column":29}},"5":{"start":{"line":8,"column":4},"end":{"line":11,"column":5}},"6":{"start":{"line":13,"column":4},"end":{"line":13,"column":53}},"7":{"start":{"line":15,"column":4},"end":{"line":15,"column":57}},"8":{"start":{"line":17,"column":4},"end":{"line":20,"column":5}},"9":{"start":{"line":19,"column":6},"end":{"line":19,"column":24}},"10":{"start":{"line":25,"column":20},"end":{"line":25,"column":22}},"11":{"start":{"line":27,"column":4},"end":{"line":27,"column":67}},"12":{"start":{"line":28,"column":4},"end":{"line":28,"column":19}},"13":{"start":{"line":32,"column":21},"end":{"line":32,"column":34}},"14":{"start":{"line":33,"column":4},"end":{"line":35,"column":7}},"15":{"start":{"line":34,"column":6},"end":{"line":34,"column":61}},"16":{"start":{"line":36,"column":4},"end":{"line":39,"column":5}},"17":{"start":{"line":43,"column":26},"end":{"line":43,"column":58}},"18":{"start":{"line":44,"column":4},"end":{"line":48,"column":5}},"19":{"start":{"line":45,"column":6},"end":{"line":45,"column":89}},"20":{"start":{"line":46,"column":11},"end":{"line":48,"column":5}},"21":{"start":{"line":47,"column":6},"end":{"line":47,"column":92}},"22":{"start":{"line":49,"column":4},"end":{"line":49,"column":55}}},"fnMap":{"0":{"name":"(anonymous_0)","decl":{"start":{"line":6,"column":2},"end":{"line":6,"column":3}},"loc":{"start":{"line":6,"column":33},"end":{"line":21,"column":3}},"line":6},"1":{"name":"(anonymous_1)","decl":{"start":{"line":24,"column":2},"end":{"line":24,"column":3}},"loc":{"start":{"line":24,"column":14},"end":{"line":29,"column":3}},"line":24},"2":{"name":"(anonymous_2)","decl":{"start":{"line":31,"column":2},"end":{"line":31,"column":3}},"loc":{"start":{"line":31,"column":15},"end":{"line":40,"column":3}},"line":31},"3":{"name":"(anonymous_3)","decl":{"start":{"line":33,"column":28},"end":{"line":33,"column":29}},"loc":{"start":{"line":33,"column":55},"end":{"line":35,"column":5}},"line":33},"4":{"name":"(anonymous_4)","decl":{"start":{"line":42,"column":2},"end":{"line":42,"column":3}},"loc":{"start":{"line":42,"column":13},"end":{"line":50,"column":3}},"line":42}},"branchMap":{"0":{"loc":{"start":{"line":9,"column":12},"end":{"line":9,"column":32}},"type":"binary-expr","locations":[{"start":{"line":9,"column":12},"end":{"line":9,"column":24}},{"start":{"line":9,"column":28},"end":{"line":9,"column":32}}],"line":9},"1":{"loc":{"start":{"line":10,"column":14},"end":{"line":10,"column":36}},"type":"binary-expr","locations":[{"start":{"line":10,"column":14},"end":{"line":10,"column":28}},{"start":{"line":10,"column":32},"end":{"line":10,"column":36}}],"line":10},"2":{"loc":{"start":{"line":17,"column":4},"end":{"line":20,"column":5}},"type":"if","locations":[{"start":{"line":17,"column":4},"end":{"line":20,"column":5}},{"start":{"line":17,"column":4},"end":{"line":20,"column":5}}],"line":17},"3":{"loc":{"start":{"line":44,"column":4},"end":{"line":48,"column":5}},"type":"if","locations":[{"start":{"line":44,"column":4},"end":{"line":48,"column":5}},{"start":{"line":44,"column":4},"end":{"line":48,"column":5}}],"line":44},"4":{"loc":{"start":{"line":46,"column":11},"end":{"line":48,"column":5}},"type":"if","locations":[{"start":{"line":46,"column":11},"end":{"line":48,"column":5}},{"start":{"line":46,"column":11},"end":{"line":48,"column":5}}],"line":46}},"s":{"0":3,"1":3,"2":3,"3":3,"4":9,"5":9,"6":9,"7":9,"8":9,"9":5,"10":6,"11":6,"12":6,"13":5,"14":5,"15":1,"16":5,"17":9,"18":9,"19":1,"20":8,"21":1,"22":7},"f":{"0":9,"1":6,"2":5,"3":1,"4":9},"b":{"0":[9,4],"1":[9,2],"2":[5,2],"3":[1,8],"4":[1,7]},"_coverageSchema":"43e27e138ebf9cfc5966b082cf9a028302ed4184","hash":"f3b8e3faa5b08d46ca3dc5c213e8d4f77fdc0144"}
,"D:\\Works\\Personal\\Github\\webpack-mp-target\\src\\PlatformAdapter.js": {"path":"D:\\Works\\Personal\\Github\\webpack-mp-target\\src\\PlatformAdapter.js","statementMap":{"0":{"start":{"line":1,"column":13},"end":{"line":1,"column":28}},"1":{"start":{"line":2,"column":19},"end":{"line":2,"column":51}},"2":{"start":{"line":3,"column":24},"end":{"line":3,"column":61}},"3":{"start":{"line":5,"column":0},"end":{"line":40,"column":1}},"4":{"start":{"line":7,"column":4},"end":{"line":7,"column":35}},"5":{"start":{"line":8,"column":4},"end":{"line":8,"column":37}},"6":{"start":{"line":9,"column":4},"end":{"line":9,"column":37}},"7":{"start":{"line":10,"column":4},"end":{"line":10,"column":41}},"8":{"start":{"line":11,"column":4},"end":{"line":14,"column":5}},"9":{"start":{"line":15,"column":4},"end":{"line":15,"column":21}},"10":{"start":{"line":16,"column":4},"end":{"line":16,"column":15}},"11":{"start":{"line":20,"column":24},"end":{"line":20,"column":40}},"12":{"start":{"line":21,"column":22},"end":{"line":21,"column":40}},"13":{"start":{"line":22,"column":22},"end":{"line":22,"column":44}},"14":{"start":{"line":23,"column":4},"end":{"line":38,"column":8}},"15":{"start":{"line":25,"column":20},"end":{"line":25,"column":56}},"16":{"start":{"line":26,"column":25},"end":{"line":26,"column":47}},"17":{"start":{"line":27,"column":22},"end":{"line":27,"column":50}},"18":{"start":{"line":28,"column":24},"end":{"line":28,"column":80}},"19":{"start":{"line":28,"column":56},"end":{"line":28,"column":79}},"20":{"start":{"line":29,"column":8},"end":{"line":37,"column":9}},"21":{"start":{"line":30,"column":30},"end":{"line":30,"column":55}},"22":{"start":{"line":32,"column":10},"end":{"line":32,"column":31}},"23":{"start":{"line":34,"column":10},"end":{"line":34,"column":46}},"24":{"start":{"line":36,"column":10},"end":{"line":36,"column":43}}},"fnMap":{"0":{"name":"(anonymous_0)","decl":{"start":{"line":6,"column":2},"end":{"line":6,"column":3}},"loc":{"start":{"line":6,"column":46},"end":{"line":17,"column":3}},"line":6},"1":{"name":"(anonymous_1)","decl":{"start":{"line":19,"column":2},"end":{"line":19,"column":3}},"loc":{"start":{"line":19,"column":14},"end":{"line":39,"column":3}},"line":19},"2":{"name":"(anonymous_2)","decl":{"start":{"line":24,"column":15},"end":{"line":24,"column":16}},"loc":{"start":{"line":24,"column":29},"end":{"line":38,"column":7}},"line":24},"3":{"name":"(anonymous_3)","decl":{"start":{"line":28,"column":43},"end":{"line":28,"column":44}},"loc":{"start":{"line":28,"column":56},"end":{"line":28,"column":79}},"line":28}},"branchMap":{"0":{"loc":{"start":{"line":29,"column":8},"end":{"line":37,"column":9}},"type":"if","locations":[{"start":{"line":29,"column":8},"end":{"line":37,"column":9}},{"start":{"line":29,"column":8},"end":{"line":37,"column":9}}],"line":29}},"s":{"0":3,"1":3,"2":3,"3":3,"4":2,"5":2,"6":2,"7":2,"8":2,"9":2,"10":2,"11":2,"12":2,"13":2,"14":2,"15":3,"16":3,"17":3,"18":3,"19":5,"20":3,"21":2,"22":2,"23":2,"24":2},"f":{"0":2,"1":2,"2":3,"3":5},"b":{"0":[2,1]},"_coverageSchema":"43e27e138ebf9cfc5966b082cf9a028302ed4184","hash":"18b4920d21b38709061d398e31141f38d1e9f53d"}
,"D:\\Works\\Personal\\Github\\webpack-mp-target\\src\\index.js": {"path":"D:\\Works\\Personal\\Github\\webpack-mp-target\\src\\index.js","statementMap":{"0":{"start":{"line":1,"column":17},"end":{"line":1,"column":48}},"1":{"start":{"line":2,"column":20},"end":{"line":2,"column":44}},"2":{"start":{"line":4,"column":0},"end":{"line":9,"column":2}},"3":{"start":{"line":5,"column":2},"end":{"line":7,"column":3}},"4":{"start":{"line":6,"column":4},"end":{"line":6,"column":44}},"5":{"start":{"line":8,"column":2},"end":{"line":8,"column":62}},"6":{"start":{"line":8,"column":23},"end":{"line":8,"column":61}}},"fnMap":{"0":{"name":"(anonymous_0)","decl":{"start":{"line":4,"column":17},"end":{"line":4,"column":18}},"loc":{"start":{"line":4,"column":40},"end":{"line":9,"column":1}},"line":4},"1":{"name":"(anonymous_1)","decl":{"start":{"line":8,"column":9},"end":{"line":8,"column":10}},"loc":{"start":{"line":8,"column":23},"end":{"line":8,"column":61}},"line":8}},"branchMap":{"0":{"loc":{"start":{"line":5,"column":2},"end":{"line":7,"column":3}},"type":"if","locations":[{"start":{"line":5,"column":2},"end":{"line":7,"column":3}},{"start":{"line":5,"column":2},"end":{"line":7,"column":3}}],"line":5}},"s":{"0":1,"1":1,"2":1,"3":2,"4":1,"5":1,"6":1},"f":{"0":2,"1":1},"b":{"0":[1,1]},"_coverageSchema":"43e27e138ebf9cfc5966b082cf9a028302ed4184","hash":"be81a5373834c4c63558ecb2e91a7b6d34d7eb53"}
,"D:\\Works\\Personal\\Github\\webpack-mp-target\\src\\platforms.js": {"path":"D:\\Works\\Personal\\Github\\webpack-mp-target\\src\\platforms.js","statementMap":{"0":{"start":{"line":1,"column":0},"end":{"line":17,"column":1}}},"fnMap":{},"branchMap":{},"s":{"0":5},"f":{},"b":{},"_coverageSchema":"43e27e138ebf9cfc5966b082cf9a028302ed4184","hash":"0fb61d29101abbc559eec17d041865a5f4e674c2"}
,"D:\\Works\\Personal\\Github\\webpack-mp-target\\src\\adapters\\CssAdapter.js": {"path":"D:\\Works\\Personal\\Github\\webpack-mp-target\\src\\adapters\\CssAdapter.js","statementMap":{"0":{"start":{"line":1,"column":0},"end":{"line":19,"column":1}},"1":{"start":{"line":3,"column":4},"end":{"line":3,"column":21}},"2":{"start":{"line":4,"column":4},"end":{"line":4,"column":25}},"3":{"start":{"line":5,"column":4},"end":{"line":5,"column":28}},"4":{"start":{"line":6,"column":4},"end":{"line":6,"column":32}},"5":{"start":{"line":7,"column":4},"end":{"line":7,"column":101}},"6":{"start":{"line":11,"column":17},"end":{"line":11,"column":39}},"7":{"start":{"line":13,"column":4},"end":{"line":15,"column":7}},"8":{"start":{"line":14,"column":6},"end":{"line":14,"column":61}},"9":{"start":{"line":16,"column":4},"end":{"line":16,"column":32}},"10":{"start":{"line":16,"column":25},"end":{"line":16,"column":31}},"11":{"start":{"line":17,"column":4},"end":{"line":17,"column":37}},"12":{"start":{"line":17,"column":23},"end":{"line":17,"column":36}}},"fnMap":{"0":{"name":"(anonymous_0)","decl":{"start":{"line":2,"column":2},"end":{"line":2,"column":3}},"loc":{"start":{"line":2,"column":28},"end":{"line":8,"column":3}},"line":2},"1":{"name":"(anonymous_1)","decl":{"start":{"line":10,"column":2},"end":{"line":10,"column":3}},"loc":{"start":{"line":10,"column":15},"end":{"line":18,"column":3}},"line":10},"2":{"name":"(anonymous_2)","decl":{"start":{"line":13,"column":47},"end":{"line":13,"column":48}},"loc":{"start":{"line":13,"column":57},"end":{"line":15,"column":5}},"line":13},"3":{"name":"(anonymous_3)","decl":{"start":{"line":16,"column":19},"end":{"line":16,"column":20}},"loc":{"start":{"line":16,"column":25},"end":{"line":16,"column":31}},"line":16},"4":{"name":"(anonymous_4)","decl":{"start":{"line":17,"column":17},"end":{"line":17,"column":18}},"loc":{"start":{"line":17,"column":23},"end":{"line":17,"column":36}},"line":17}},"branchMap":{},"s":{"0":4,"1":3,"2":3,"3":3,"4":3,"5":3,"6":2,"7":2,"8":6,"9":2,"10":1,"11":2,"12":1},"f":{"0":3,"1":2,"2":6,"3":1,"4":1},"b":{},"_coverageSchema":"43e27e138ebf9cfc5966b082cf9a028302ed4184","hash":"a1c89a7d3f28e698a0a692ad1413d87398c3064d"}
,"D:\\Works\\Personal\\Github\\webpack-mp-target\\src\\adapters\\TemplateAdapter.js": {"path":"D:\\Works\\Personal\\Github\\webpack-mp-target\\src\\adapters\\TemplateAdapter.js","statementMap":{"0":{"start":{"line":1,"column":0},"end":{"line":19,"column":1}},"1":{"start":{"line":3,"column":4},"end":{"line":3,"column":21}},"2":{"start":{"line":4,"column":4},"end":{"line":4,"column":25}},"3":{"start":{"line":5,"column":4},"end":{"line":5,"column":33}},"4":{"start":{"line":6,"column":4},"end":{"line":6,"column":37}},"5":{"start":{"line":7,"column":4},"end":{"line":7,"column":97}},"6":{"start":{"line":11,"column":17},"end":{"line":11,"column":39}},"7":{"start":{"line":13,"column":4},"end":{"line":15,"column":7}},"8":{"start":{"line":14,"column":6},"end":{"line":14,"column":61}},"9":{"start":{"line":16,"column":4},"end":{"line":16,"column":32}},"10":{"start":{"line":16,"column":25},"end":{"line":16,"column":31}},"11":{"start":{"line":17,"column":4},"end":{"line":17,"column":37}},"12":{"start":{"line":17,"column":23},"end":{"line":17,"column":36}}},"fnMap":{"0":{"name":"(anonymous_0)","decl":{"start":{"line":2,"column":2},"end":{"line":2,"column":3}},"loc":{"start":{"line":2,"column":28},"end":{"line":8,"column":3}},"line":2},"1":{"name":"(anonymous_1)","decl":{"start":{"line":10,"column":2},"end":{"line":10,"column":3}},"loc":{"start":{"line":10,"column":15},"end":{"line":18,"column":3}},"line":10},"2":{"name":"(anonymous_2)","decl":{"start":{"line":13,"column":47},"end":{"line":13,"column":48}},"loc":{"start":{"line":13,"column":57},"end":{"line":15,"column":5}},"line":13},"3":{"name":"(anonymous_3)","decl":{"start":{"line":16,"column":19},"end":{"line":16,"column":20}},"loc":{"start":{"line":16,"column":25},"end":{"line":16,"column":31}},"line":16},"4":{"name":"(anonymous_4)","decl":{"start":{"line":17,"column":17},"end":{"line":17,"column":18}},"loc":{"start":{"line":17,"column":23},"end":{"line":17,"column":36}},"line":17}},"branchMap":{},"s":{"0":4,"1":3,"2":3,"3":3,"4":3,"5":3,"6":2,"7":2,"8":6,"9":2,"10":1,"11":2,"12":1},"f":{"0":3,"1":2,"2":6,"3":1,"4":1},"b":{},"_coverageSchema":"43e27e138ebf9cfc5966b082cf9a028302ed4184","hash":"282a3898ed7ae035d1643053206d693e12895f2a"}
}
