{"D:\\Works\\Personal\\Github\\webpack-mpapp-target\\src\\AppCompiler.js": {"path":"D:\\Works\\Personal\\Github\\webpack-mpapp-target\\src\\AppCompiler.js","statementMap":{"0":{"start":{"line":1,"column":21},"end":{"line":1,"column":56}},"1":{"start":{"line":2,"column":24},"end":{"line":2,"column":52}},"2":{"start":{"line":3,"column":18},"end":{"line":3,"column":40}},"3":{"start":{"line":5,"column":0},"end":{"line":53,"column":1}},"4":{"start":{"line":7,"column":4},"end":{"line":7,"column":29}},"5":{"start":{"line":8,"column":4},"end":{"line":11,"column":5}},"6":{"start":{"line":13,"column":4},"end":{"line":13,"column":53}},"7":{"start":{"line":15,"column":4},"end":{"line":15,"column":57}},"8":{"start":{"line":17,"column":4},"end":{"line":20,"column":5}},"9":{"start":{"line":19,"column":6},"end":{"line":19,"column":24}},"10":{"start":{"line":25,"column":20},"end":{"line":25,"column":22}},"11":{"start":{"line":27,"column":4},"end":{"line":27,"column":67}},"12":{"start":{"line":28,"column":4},"end":{"line":28,"column":19}},"13":{"start":{"line":32,"column":21},"end":{"line":32,"column":34}},"14":{"start":{"line":33,"column":4},"end":{"line":37,"column":7}},"15":{"start":{"line":34,"column":22},"end":{"line":34,"column":60}},"16":{"start":{"line":35,"column":6},"end":{"line":35,"column":26}},"17":{"start":{"line":36,"column":6},"end":{"line":36,"column":17}},"18":{"start":{"line":38,"column":4},"end":{"line":41,"column":5}},"19":{"start":{"line":45,"column":26},"end":{"line":45,"column":58}},"20":{"start":{"line":46,"column":4},"end":{"line":50,"column":5}},"21":{"start":{"line":47,"column":6},"end":{"line":47,"column":89}},"22":{"start":{"line":48,"column":11},"end":{"line":50,"column":5}},"23":{"start":{"line":49,"column":6},"end":{"line":49,"column":92}},"24":{"start":{"line":51,"column":4},"end":{"line":51,"column":55}}},"fnMap":{"0":{"name":"(anonymous_0)","decl":{"start":{"line":6,"column":2},"end":{"line":6,"column":3}},"loc":{"start":{"line":6,"column":33},"end":{"line":21,"column":3}},"line":6},"1":{"name":"(anonymous_1)","decl":{"start":{"line":24,"column":2},"end":{"line":24,"column":3}},"loc":{"start":{"line":24,"column":14},"end":{"line":29,"column":3}},"line":24},"2":{"name":"(anonymous_2)","decl":{"start":{"line":31,"column":2},"end":{"line":31,"column":3}},"loc":{"start":{"line":31,"column":15},"end":{"line":42,"column":3}},"line":31},"3":{"name":"(anonymous_3)","decl":{"start":{"line":33,"column":28},"end":{"line":33,"column":29}},"loc":{"start":{"line":33,"column":55},"end":{"line":37,"column":5}},"line":33},"4":{"name":"(anonymous_4)","decl":{"start":{"line":44,"column":2},"end":{"line":44,"column":3}},"loc":{"start":{"line":44,"column":13},"end":{"line":52,"column":3}},"line":44}},"branchMap":{"0":{"loc":{"start":{"line":9,"column":12},"end":{"line":9,"column":32}},"type":"binary-expr","locations":[{"start":{"line":9,"column":12},"end":{"line":9,"column":24}},{"start":{"line":9,"column":28},"end":{"line":9,"column":32}}],"line":9},"1":{"loc":{"start":{"line":10,"column":14},"end":{"line":10,"column":36}},"type":"binary-expr","locations":[{"start":{"line":10,"column":14},"end":{"line":10,"column":28}},{"start":{"line":10,"column":32},"end":{"line":10,"column":36}}],"line":10},"2":{"loc":{"start":{"line":17,"column":4},"end":{"line":20,"column":5}},"type":"if","locations":[{"start":{"line":17,"column":4},"end":{"line":20,"column":5}},{"start":{"line":17,"column":4},"end":{"line":20,"column":5}}],"line":17},"3":{"loc":{"start":{"line":46,"column":4},"end":{"line":50,"column":5}},"type":"if","locations":[{"start":{"line":46,"column":4},"end":{"line":50,"column":5}},{"start":{"line":46,"column":4},"end":{"line":50,"column":5}}],"line":46},"4":{"loc":{"start":{"line":48,"column":11},"end":{"line":50,"column":5}},"type":"if","locations":[{"start":{"line":48,"column":11},"end":{"line":50,"column":5}},{"start":{"line":48,"column":11},"end":{"line":50,"column":5}}],"line":48}},"s":{"0":3,"1":3,"2":3,"3":3,"4":9,"5":9,"6":9,"7":9,"8":9,"9":5,"10":6,"11":6,"12":6,"13":5,"14":5,"15":1,"16":1,"17":1,"18":5,"19":9,"20":9,"21":1,"22":8,"23":1,"24":7},"f":{"0":9,"1":6,"2":5,"3":1,"4":9},"b":{"0":[9,4],"1":[9,2],"2":[5,2],"3":[1,8],"4":[1,7]},"_coverageSchema":"43e27e138ebf9cfc5966b082cf9a028302ed4184","hash":"6a8c092ef306a50f2d03554dbc3617495690555d"}
,"D:\\Works\\Personal\\Github\\webpack-mpapp-target\\src\\PlatformAdapter.js": {"path":"D:\\Works\\Personal\\Github\\webpack-mpapp-target\\src\\PlatformAdapter.js","statementMap":{"0":{"start":{"line":1,"column":13},"end":{"line":1,"column":28}},"1":{"start":{"line":2,"column":19},"end":{"line":2,"column":51}},"2":{"start":{"line":3,"column":24},"end":{"line":3,"column":61}},"3":{"start":{"line":5,"column":0},"end":{"line":39,"column":1}},"4":{"start":{"line":7,"column":4},"end":{"line":7,"column":35}},"5":{"start":{"line":8,"column":4},"end":{"line":8,"column":37}},"6":{"start":{"line":9,"column":4},"end":{"line":9,"column":37}},"7":{"start":{"line":10,"column":4},"end":{"line":10,"column":41}},"8":{"start":{"line":11,"column":4},"end":{"line":14,"column":5}},"9":{"start":{"line":18,"column":24},"end":{"line":18,"column":40}},"10":{"start":{"line":19,"column":22},"end":{"line":19,"column":40}},"11":{"start":{"line":20,"column":22},"end":{"line":20,"column":44}},"12":{"start":{"line":21,"column":4},"end":{"line":37,"column":9}},"13":{"start":{"line":23,"column":21},"end":{"line":23,"column":41}},"14":{"start":{"line":24,"column":20},"end":{"line":24,"column":28}},"15":{"start":{"line":25,"column":25},"end":{"line":25,"column":86}},"16":{"start":{"line":26,"column":22},"end":{"line":26,"column":50}},"17":{"start":{"line":27,"column":24},"end":{"line":27,"column":80}},"18":{"start":{"line":27,"column":56},"end":{"line":27,"column":79}},"19":{"start":{"line":28,"column":8},"end":{"line":36,"column":9}},"20":{"start":{"line":29,"column":30},"end":{"line":29,"column":58}},"21":{"start":{"line":31,"column":10},"end":{"line":31,"column":31}},"22":{"start":{"line":33,"column":10},"end":{"line":33,"column":46}},"23":{"start":{"line":35,"column":10},"end":{"line":35,"column":50}}},"fnMap":{"0":{"name":"(anonymous_0)","decl":{"start":{"line":6,"column":2},"end":{"line":6,"column":3}},"loc":{"start":{"line":6,"column":36},"end":{"line":15,"column":3}},"line":6},"1":{"name":"(anonymous_1)","decl":{"start":{"line":17,"column":2},"end":{"line":17,"column":3}},"loc":{"start":{"line":17,"column":14},"end":{"line":38,"column":3}},"line":17},"2":{"name":"(anonymous_2)","decl":{"start":{"line":22,"column":15},"end":{"line":22,"column":16}},"loc":{"start":{"line":22,"column":29},"end":{"line":37,"column":7}},"line":22},"3":{"name":"(anonymous_3)","decl":{"start":{"line":27,"column":43},"end":{"line":27,"column":44}},"loc":{"start":{"line":27,"column":56},"end":{"line":27,"column":79}},"line":27}},"branchMap":{"0":{"loc":{"start":{"line":28,"column":8},"end":{"line":36,"column":9}},"type":"if","locations":[{"start":{"line":28,"column":8},"end":{"line":36,"column":9}},{"start":{"line":28,"column":8},"end":{"line":36,"column":9}}],"line":28}},"s":{"0":3,"1":3,"2":3,"3":3,"4":2,"5":2,"6":2,"7":2,"8":2,"9":2,"10":2,"11":2,"12":2,"13":3,"14":3,"15":3,"16":3,"17":3,"18":5,"19":3,"20":2,"21":2,"22":2,"23":2},"f":{"0":2,"1":2,"2":3,"3":5},"b":{"0":[2,1]},"_coverageSchema":"43e27e138ebf9cfc5966b082cf9a028302ed4184","hash":"b31d5aa80f617fe6dece8cbc4a31ac805472d259"}
}
