TN:
SF:D:\Works\Personal\Github\webpack-mpapp-target\src\AppCompiler.js
FN:6,(anonymous_0)
FN:24,(anonymous_1)
FN:31,(anonymous_2)
FN:33,(anonymous_3)
FN:44,(anonymous_4)
FNF:5
FNH:5
FNDA:9,(anonymous_0)
FNDA:6,(anonymous_1)
FNDA:5,(anonymous_2)
FNDA:1,(anonymous_3)
FNDA:9,(anonymous_4)
DA:1,3
DA:2,3
DA:3,3
DA:5,3
DA:7,9
DA:8,9
DA:13,9
DA:15,9
DA:17,9
DA:19,5
DA:25,6
DA:27,6
DA:28,6
DA:32,5
DA:33,5
DA:34,1
DA:35,1
DA:36,1
DA:38,5
DA:45,9
DA:46,9
DA:47,1
DA:48,8
DA:49,1
DA:51,7
LF:25
LH:25
BRDA:9,0,0,9
BRDA:9,0,1,4
BRDA:10,1,0,9
BRDA:10,1,1,2
BRDA:17,2,0,5
BRDA:17,2,1,2
BRDA:46,3,0,1
BRDA:46,3,1,8
BRDA:48,4,0,1
BRDA:48,4,1,7
BRF:10
BRH:10
end_of_record
TN:
SF:D:\Works\Personal\Github\webpack-mpapp-target\src\PlatformAdapter.js
FN:6,(anonymous_0)
FN:17,(anonymous_1)
FN:22,(anonymous_2)
FN:27,(anonymous_3)
FNF:4
FNH:4
FNDA:2,(anonymous_0)
FNDA:2,(anonymous_1)
FNDA:3,(anonymous_2)
FNDA:5,(anonymous_3)
DA:1,3
DA:2,3
DA:3,3
DA:5,3
DA:7,2
DA:8,2
DA:9,2
DA:10,2
DA:11,2
DA:18,2
DA:19,2
DA:20,2
DA:21,2
DA:23,3
DA:24,3
DA:25,3
DA:26,3
DA:27,5
DA:28,3
DA:29,2
DA:31,2
DA:33,2
DA:35,2
LF:23
LH:23
BRDA:28,0,0,2
BRDA:28,0,1,1
BRF:2
BRH:2
end_of_record
