TN:
SF:D:\Works\Personal\Github\webpack-mp-target\src\AppCompiler.js
FN:6,(anonymous_0)
FN:24,(anonymous_1)
FN:31,(anonymous_2)
FN:33,(anonymous_3)
FN:42,(anonymous_4)
FNF:5
FNH:5
FNDA:9,(anonymous_0)
FNDA:6,(anonymous_1)
FNDA:5,(anonymous_2)
FNDA:1,(anonymous_3)
FNDA:9,(anonymous_4)
DA:1,3
DA:2,3
DA:3,3
DA:5,3
DA:7,9
DA:8,9
DA:13,9
DA:15,9
DA:17,9
DA:19,5
DA:25,6
DA:27,6
DA:28,6
DA:32,5
DA:33,5
DA:34,1
DA:36,5
DA:43,9
DA:44,9
DA:45,1
DA:46,8
DA:47,1
DA:49,7
LF:23
LH:23
BRDA:9,0,0,9
BRDA:9,0,1,4
BRDA:10,1,0,9
BRDA:10,1,1,2
BRDA:17,2,0,5
BRDA:17,2,1,2
BRDA:44,3,0,1
BRDA:44,3,1,8
BRDA:46,4,0,1
BRDA:46,4,1,7
BRF:10
BRH:10
end_of_record
TN:
SF:D:\Works\Personal\Github\webpack-mp-target\src\PlatformAdapter.js
FN:6,(anonymous_0)
FN:19,(anonymous_1)
FN:24,(anonymous_2)
FN:28,(anonymous_3)
FNF:4
FNH:4
FNDA:2,(anonymous_0)
FNDA:2,(anonymous_1)
FNDA:3,(anonymous_2)
FNDA:5,(anonymous_3)
DA:1,3
DA:2,3
DA:3,3
DA:5,3
DA:7,2
DA:8,2
DA:9,2
DA:10,2
DA:11,2
DA:15,2
DA:16,2
DA:20,2
DA:21,2
DA:22,2
DA:23,2
DA:25,3
DA:26,3
DA:27,3
DA:28,5
DA:29,3
DA:30,2
DA:32,2
DA:34,2
DA:36,2
LF:24
LH:24
BRDA:29,0,0,2
BRDA:29,0,1,1
BRF:2
BRH:2
end_of_record
TN:
SF:D:\Works\Personal\Github\webpack-mp-target\src\index.js
FN:4,(anonymous_0)
FN:8,(anonymous_1)
FNF:2
FNH:2
FNDA:2,(anonymous_0)
FNDA:1,(anonymous_1)
DA:1,1
DA:2,1
DA:4,1
DA:5,2
DA:6,1
DA:8,1
LF:6
LH:6
BRDA:5,0,0,1
BRDA:5,0,1,1
BRF:2
BRH:2
end_of_record
TN:
SF:D:\Works\Personal\Github\webpack-mp-target\src\platforms.js
FNF:0
FNH:0
DA:1,5
LF:1
LH:1
BRF:0
BRH:0
end_of_record
TN:
SF:D:\Works\Personal\Github\webpack-mp-target\src\adapters\CssAdapter.js
FN:2,(anonymous_0)
FN:10,(anonymous_1)
FN:13,(anonymous_2)
FN:16,(anonymous_3)
FN:17,(anonymous_4)
FNF:5
FNH:5
FNDA:3,(anonymous_0)
FNDA:2,(anonymous_1)
FNDA:6,(anonymous_2)
FNDA:1,(anonymous_3)
FNDA:1,(anonymous_4)
DA:1,4
DA:3,3
DA:4,3
DA:5,3
DA:6,3
DA:7,3
DA:11,2
DA:13,2
DA:14,6
DA:16,2
DA:17,2
LF:11
LH:11
BRF:0
BRH:0
end_of_record
TN:
SF:D:\Works\Personal\Github\webpack-mp-target\src\adapters\TemplateAdapter.js
FN:2,(anonymous_0)
FN:10,(anonymous_1)
FN:13,(anonymous_2)
FN:16,(anonymous_3)
FN:17,(anonymous_4)
FNF:5
FNH:5
FNDA:3,(anonymous_0)
FNDA:2,(anonymous_1)
FNDA:6,(anonymous_2)
FNDA:1,(anonymous_3)
FNDA:1,(anonymous_4)
DA:1,4
DA:3,3
DA:4,3
DA:5,3
DA:6,3
DA:7,3
DA:11,2
DA:13,2
DA:14,6
DA:16,2
DA:17,2
LF:11
LH:11
BRF:0
BRH:0
end_of_record
